0 info it worked if it ends with ok
1 verbose cli [ '/Users/kyle/.nvm/versions/node/v4.4.0/bin/node',
1 verbose cli   '/Users/kyle/.nvm/versions/node/v4.4.0/bin/npm',
1 verbose cli   'start' ]
2 info using npm@3.8.2
3 info using node@v4.4.0
4 verbose run-script [ 'prestart', 'start', 'poststart' ]
5 info lifecycle flexgrid@1.0.0~prestart: flexgrid@1.0.0
6 silly lifecycle flexgrid@1.0.0~prestart: no script for prestart, continuing
7 info lifecycle flexgrid@1.0.0~start: flexgrid@1.0.0
8 verbose lifecycle flexgrid@1.0.0~start: unsafe-perm in lifecycle true
9 verbose lifecycle flexgrid@1.0.0~start: PATH: /Users/kyle/.nvm/versions/node/v4.4.0/lib/node_modules/npm/bin/node-gyp-bin:/Users/kyle/Projects/personal/flexed/node_modules/.bin:/Users/kyle/.nvm/versions/node/v4.4.0/bin:/Users/kyle/.rbenv/shims:/Users/kyle/.nvm/versions/node/v4.4.0/bin:/usr/bin:/bin:/usr/local/bin:/opt/local/bin:/opt/local/sbin:/Users/kyle/Library/Android/sdk/tools:/usr/local/bin:/usr/bin:/bin:/usr/sbin:/sbin
10 verbose lifecycle flexgrid@1.0.0~start: CWD: /Users/kyle/Projects/personal/flexed
11 silly lifecycle flexgrid@1.0.0~start: Args: [ '-c', 'gulp serve' ]
12 silly lifecycle flexgrid@1.0.0~start: Returned: code: 1  signal: null
13 info lifecycle flexgrid@1.0.0~start: Failed to exec start script
14 verbose stack Error: flexgrid@1.0.0 start: `gulp serve`
14 verbose stack Exit status 1
14 verbose stack     at EventEmitter.<anonymous> (/Users/kyle/.nvm/versions/node/v4.4.0/lib/node_modules/npm/lib/utils/lifecycle.js:239:16)
14 verbose stack     at emitTwo (events.js:87:13)
14 verbose stack     at EventEmitter.emit (events.js:172:7)
14 verbose stack     at ChildProcess.<anonymous> (/Users/kyle/.nvm/versions/node/v4.4.0/lib/node_modules/npm/lib/utils/spawn.js:24:14)
14 verbose stack     at emitTwo (events.js:87:13)
14 verbose stack     at ChildProcess.emit (events.js:172:7)
14 verbose stack     at maybeClose (internal/child_process.js:827:16)
14 verbose stack     at Process.ChildProcess._handle.onexit (internal/child_process.js:211:5)
15 verbose pkgid flexgrid@1.0.0
16 verbose cwd /Users/kyle/Projects/personal/flexed
17 error Darwin 15.4.0
18 error argv "/Users/kyle/.nvm/versions/node/v4.4.0/bin/node" "/Users/kyle/.nvm/versions/node/v4.4.0/bin/npm" "start"
19 error node v4.4.0
20 error npm  v3.8.2
21 error code ELIFECYCLE
22 error flexgrid@1.0.0 start: `gulp serve`
22 error Exit status 1
23 error Failed at the flexgrid@1.0.0 start script 'gulp serve'.
23 error Make sure you have the latest version of node.js and npm installed.
23 error If you do, this is most likely a problem with the flexgrid package,
23 error not with npm itself.
23 error Tell the author that this fails on your system:
23 error     gulp serve
23 error You can get information on how to open an issue for this project with:
23 error     npm bugs flexgrid
23 error Or if that isn't available, you can get their info via:
23 error     npm owner ls flexgrid
23 error There is likely additional logging output above.
24 verbose exit [ 1, true ]
